This file contains any messages produced by compilers while
running configure, to aid debugging if configure makes a mistake.

It was created by libcld configure 0.1, which was
generated by GNU Autoconf 2.68.  Invocation command line was

  $ ./configure 

## --------- ##
## Platform. ##
## --------- ##

hostname = nos-db-s0-d
uname -m = x86_64
uname -r = 2.6.35.4-rscloud
uname -s = Linux
uname -v = #8 SMP Mon Sep 20 15:54:33 UTC 2010

/usr/bin/uname -p = unknown
/bin/uname -X     = unknown

/bin/arch              = unknown
/usr/bin/arch -k       = unknown
/usr/convex/getsysinfo = unknown
/usr/bin/hostinfo      = unknown
/bin/machine           = unknown
/usr/bin/oslevel       = unknown
/bin/universe          = unknown

PATH: /usr/local/sbin
PATH: /usr/local/bin
PATH: /usr/sbin
PATH: /usr/bin
PATH: /sbin
PATH: /bin
PATH: /usr/games
PATH: /home/nos/.rvm/bin


## ----------- ##
## Core tests. ##
## ----------- ##

configure:2271: checking for a BSD-compatible install
configure:2339: result: /usr/bin/install -c
configure:2350: checking whether build environment is sane
configure:2400: result: yes
configure:2541: checking for a thread-safe mkdir -p
configure:2580: result: /bin/mkdir -p
configure:2593: checking for gawk
configure:2623: result: no
configure:2593: checking for mawk
configure:2609: found /usr/bin/mawk
configure:2620: result: mawk
configure:2631: checking whether make sets $(MAKE)
configure:2653: result: yes
configure:2719: checking how to create a ustar tar archive
configure:2732: tar --version
tar (GNU tar) 1.23
Copyright (C) 2010 Free Software Foundation, Inc.
License GPLv3+: GNU GPL version 3 or later <http://gnu.org/licenses/gpl.html>.
This is free software: you are free to change and redistribute it.
There is NO WARRANTY, to the extent permitted by law.

Written by John Gilmore and Jay Fenlason.
configure:2735: $? = 0
configure:2775: tardir=conftest.dir && eval tar --format=ustar -chf - "$tardir" >conftest.tar
configure:2778: $? = 0
configure:2782: tar -xf - <conftest.tar
configure:2785: $? = 0
configure:2798: result: gnutar
configure:2868: checking for g++
configure:2884: found /usr/bin/g++
configure:2895: result: g++
configure:2922: checking for C++ compiler version
configure:2931: g++ --version >&5
g++ (Ubuntu/Linaro 4.4.4-14ubuntu5) 4.4.5
Copyright (C) 2010 Free Software Foundation, Inc.
This is free software; see the source for copying conditions.  There is NO
warranty; not even for MERCHANTABILITY or FITNESS FOR A PARTICULAR PURPOSE.

configure:2942: $? = 0
configure:2931: g++ -v >&5
Using built-in specs.
Target: x86_64-linux-gnu
Configured with: ../src/configure -v --with-pkgversion='Ubuntu/Linaro 4.4.4-14ubuntu5' --with-bugurl=file:///usr/share/doc/gcc-4.4/README.Bugs --enable-languages=c,c++,fortran,objc,obj-c++ --prefix=/usr --program-suffix=-4.4 --enable-shared --enable-multiarch --enable-linker-build-id --with-system-zlib --libexecdir=/usr/lib --without-included-gettext --enable-threads=posix --with-gxx-include-dir=/usr/include/c++/4.4 --libdir=/usr/lib --enable-nls --with-sysroot=/ --enable-clocale=gnu --enable-libstdcxx-debug --enable-objc-gc --disable-werror --with-arch-32=i686 --with-tune=generic --enable-checking=release --build=x86_64-linux-gnu --host=x86_64-linux-gnu --target=x86_64-linux-gnu
Thread model: posix
gcc version 4.4.5 (Ubuntu/Linaro 4.4.4-14ubuntu5) 
configure:2942: $? = 0
configure:2931: g++ -V >&5
g++: '-V' option must have argument
configure:2942: $? = 1
configure:2931: g++ -qversion >&5
g++: unrecognized option '-qversion'
g++: no input files
configure:2942: $? = 1
configure:2962: checking whether the C++ compiler works
configure:2984: g++    conftest.cpp  >&5
configure:2988: $? = 0
configure:3036: result: yes
configure:3039: checking for C++ compiler default output file name
configure:3041: result: a.out
configure:3047: checking for suffix of executables
configure:3054: g++ -o conftest    conftest.cpp  >&5
configure:3058: $? = 0
configure:3080: result: 
configure:3102: checking whether we are cross compiling
configure:3110: g++ -o conftest    conftest.cpp  >&5
configure:3114: $? = 0
configure:3121: ./conftest
configure:3125: $? = 0
configure:3140: result: no
configure:3145: checking for suffix of object files
configure:3167: g++ -c   conftest.cpp >&5
configure:3171: $? = 0
configure:3192: result: o
configure:3196: checking whether we are using the GNU C++ compiler
configure:3215: g++ -c   conftest.cpp >&5
configure:3215: $? = 0
configure:3224: result: yes
configure:3233: checking whether g++ accepts -g
configure:3253: g++ -c -g  conftest.cpp >&5
configure:3253: $? = 0
configure:3294: result: yes
configure:3328: checking for style of include used by make
configure:3356: result: GNU
configure:3382: checking dependency style of g++
configure:3493: result: gcc3
configure:3538: checking build system type
configure:3552: result: x86_64-unknown-linux-gnu
configure:3572: checking host system type
configure:3585: result: x86_64-unknown-linux-gnu
configure:3626: checking how to print strings
configure:3653: result: printf
configure:3722: checking for gcc
configure:3738: found /usr/bin/gcc
configure:3749: result: gcc
configure:3978: checking for C compiler version
configure:3987: gcc --version >&5
gcc (Ubuntu/Linaro 4.4.4-14ubuntu5) 4.4.5
Copyright (C) 2010 Free Software Foundation, Inc.
This is free software; see the source for copying conditions.  There is NO
warranty; not even for MERCHANTABILITY or FITNESS FOR A PARTICULAR PURPOSE.

configure:3998: $? = 0
configure:3987: gcc -v >&5
Using built-in specs.
Target: x86_64-linux-gnu
Configured with: ../src/configure -v --with-pkgversion='Ubuntu/Linaro 4.4.4-14ubuntu5' --with-bugurl=file:///usr/share/doc/gcc-4.4/README.Bugs --enable-languages=c,c++,fortran,objc,obj-c++ --prefix=/usr --program-suffix=-4.4 --enable-shared --enable-multiarch --enable-linker-build-id --with-system-zlib --libexecdir=/usr/lib --without-included-gettext --enable-threads=posix --with-gxx-include-dir=/usr/include/c++/4.4 --libdir=/usr/lib --enable-nls --with-sysroot=/ --enable-clocale=gnu --enable-libstdcxx-debug --enable-objc-gc --disable-werror --with-arch-32=i686 --with-tune=generic --enable-checking=release --build=x86_64-linux-gnu --host=x86_64-linux-gnu --target=x86_64-linux-gnu
Thread model: posix
gcc version 4.4.5 (Ubuntu/Linaro 4.4.4-14ubuntu5) 
configure:3998: $? = 0
configure:3987: gcc -V >&5
gcc: '-V' option must have argument
configure:3998: $? = 1
configure:3987: gcc -qversion >&5
gcc: unrecognized option '-qversion'
gcc: no input files
configure:3998: $? = 1
configure:4002: checking whether we are using the GNU C compiler
configure:4021: gcc -c   conftest.c >&5
configure:4021: $? = 0
configure:4030: result: yes
configure:4039: checking whether gcc accepts -g
configure:4059: gcc -c -g  conftest.c >&5
configure:4059: $? = 0
configure:4100: result: yes
configure:4117: checking for gcc option to accept ISO C89
configure:4181: gcc  -c -g -O2  conftest.c >&5
configure:4181: $? = 0
configure:4194: result: none needed
configure:4216: checking dependency style of gcc
configure:4327: result: gcc3
configure:4342: checking for a sed that does not truncate output
configure:4406: result: /bin/sed
configure:4424: checking for grep that handles long lines and -e
configure:4482: result: /bin/grep
configure:4487: checking for egrep
configure:4549: result: /bin/grep -E
configure:4554: checking for fgrep
configure:4616: result: /bin/grep -F
configure:4651: checking for ld used by gcc
configure:4718: result: /usr/bin/ld
configure:4725: checking if the linker (/usr/bin/ld) is GNU ld
configure:4740: result: yes
configure:4752: checking for BSD- or MS-compatible name lister (nm)
configure:4801: result: /usr/bin/nm -B
configure:4931: checking the name lister (/usr/bin/nm -B) interface
configure:4938: gcc -c -g -O2  conftest.c >&5
configure:4941: /usr/bin/nm -B "conftest.o"
configure:4944: output
0000000000000000 B some_variable
configure:4951: result: BSD nm
configure:4954: checking whether ln -s works
configure:4958: result: yes
configure:4966: checking the maximum length of command line arguments
configure:5096: result: 1572864
configure:5113: checking whether the shell understands some XSI constructs
configure:5123: result: yes
configure:5127: checking whether the shell understands "+="
configure:5133: result: yes
configure:5168: checking how to convert x86_64-unknown-linux-gnu file names to x86_64-unknown-linux-gnu format
configure:5208: result: func_convert_file_noop
configure:5215: checking how to convert x86_64-unknown-linux-gnu file names to toolchain format
configure:5235: result: func_convert_file_noop
configure:5242: checking for /usr/bin/ld option to reload object files
configure:5249: result: -r
configure:5323: checking for objdump
configure:5339: found /usr/bin/objdump
configure:5350: result: objdump
configure:5382: checking how to recognize dependent libraries
configure:5584: result: pass_all
configure:5669: checking for dlltool
configure:5699: result: no
configure:5729: checking how to associate runtime and link libraries
configure:5756: result: printf %s\n
configure:5817: checking for ar
configure:5833: found /usr/bin/ar
configure:5844: result: ar
configure:5881: checking for archiver @FILE support
configure:5898: gcc -c -g -O2  conftest.c >&5
configure:5898: $? = 0
configure:5901: ar cru libconftest.a @conftest.lst >&5
configure:5904: $? = 0
configure:5909: ar cru libconftest.a @conftest.lst >&5
ar: conftest.o: No such file or directory
configure:5912: $? = 1
configure:5924: result: @
configure:5982: checking for strip
configure:5998: found /usr/bin/strip
configure:6009: result: strip
configure:6081: checking for ranlib
configure:6097: found /usr/bin/ranlib
configure:6108: result: ranlib
configure:6210: checking command to parse /usr/bin/nm -B output from gcc object
configure:6330: gcc -c -g -O2  conftest.c >&5
configure:6333: $? = 0
configure:6337: /usr/bin/nm -B conftest.o \| sed -n -e 's/^.*[ ]\([ABCDGIRSTW][ABCDGIRSTW]*\)[ ][ ]*\([_A-Za-z][_A-Za-z0-9]*\)$/\1 \2 \2/p' | sed '/ __gnu_lto/d' \> conftest.nm
configure:6340: $? = 0
configure:6406: gcc -o conftest -g -O2   conftest.c conftstm.o >&5
configure:6409: $? = 0
configure:6447: result: ok
configure:6484: checking for sysroot
configure:6514: result: no
configure:6591: gcc -c -g -O2  conftest.c >&5
configure:6594: $? = 0
configure:6770: checking for mt
configure:6786: found /bin/mt
configure:6797: result: mt
configure:6820: checking if mt is a manifest tool
configure:6826: mt '-?'
configure:6834: result: no
configure:7476: checking how to run the C preprocessor
configure:7507: gcc -E  conftest.c
configure:7507: $? = 0
configure:7521: gcc -E  conftest.c
conftest.c:9: fatal error: ac_nonexistent.h: No such file or directory
compilation terminated.
configure:7521: $? = 1
configure: failed program was:
| /* confdefs.h */
| #define PACKAGE_NAME "libcld"
| #define PACKAGE_TARNAME "compact-language-detector"
| #define PACKAGE_VERSION "0.1"
| #define PACKAGE_STRING "libcld 0.1"
| #define PACKAGE_BUGREPORT "lucene@mikemccandless.com"
| #define PACKAGE_URL "http://code.google.com/p/chromium-compact-language-detector/"
| /* end confdefs.h.  */
| #include <ac_nonexistent.h>
configure:7546: result: gcc -E
configure:7566: gcc -E  conftest.c
configure:7566: $? = 0
configure:7580: gcc -E  conftest.c
conftest.c:9: fatal error: ac_nonexistent.h: No such file or directory
compilation terminated.
configure:7580: $? = 1
configure: failed program was:
| /* confdefs.h */
| #define PACKAGE_NAME "libcld"
| #define PACKAGE_TARNAME "compact-language-detector"
| #define PACKAGE_VERSION "0.1"
| #define PACKAGE_STRING "libcld 0.1"
| #define PACKAGE_BUGREPORT "lucene@mikemccandless.com"
| #define PACKAGE_URL "http://code.google.com/p/chromium-compact-language-detector/"
| /* end confdefs.h.  */
| #include <ac_nonexistent.h>
configure:7609: checking for ANSI C header files
configure:7629: gcc -c -g -O2  conftest.c >&5
configure:7629: $? = 0
configure:7702: gcc -o conftest -g -O2   conftest.c  >&5
configure:7702: $? = 0
configure:7702: ./conftest
configure:7702: $? = 0
configure:7713: result: yes
configure:7726: checking for sys/types.h
configure:7726: gcc -c -g -O2  conftest.c >&5
configure:7726: $? = 0
configure:7726: result: yes
configure:7726: checking for sys/stat.h
configure:7726: gcc -c -g -O2  conftest.c >&5
configure:7726: $? = 0
configure:7726: result: yes
configure:7726: checking for stdlib.h
configure:7726: gcc -c -g -O2  conftest.c >&5
configure:7726: $? = 0
configure:7726: result: yes
configure:7726: checking for string.h
configure:7726: gcc -c -g -O2  conftest.c >&5
configure:7726: $? = 0
configure:7726: result: yes
configure:7726: checking for memory.h
configure:7726: gcc -c -g -O2  conftest.c >&5
configure:7726: $? = 0
configure:7726: result: yes
configure:7726: checking for strings.h
configure:7726: gcc -c -g -O2  conftest.c >&5
configure:7726: $? = 0
configure:7726: result: yes
configure:7726: checking for inttypes.h
configure:7726: gcc -c -g -O2  conftest.c >&5
configure:7726: $? = 0
configure:7726: result: yes
configure:7726: checking for stdint.h
configure:7726: gcc -c -g -O2  conftest.c >&5
configure:7726: $? = 0
configure:7726: result: yes
configure:7726: checking for unistd.h
configure:7726: gcc -c -g -O2  conftest.c >&5
configure:7726: $? = 0
configure:7726: result: yes
configure:7740: checking for dlfcn.h
configure:7740: gcc -c -g -O2  conftest.c >&5
configure:7740: $? = 0
configure:7740: result: yes
configure:7956: checking for objdir
configure:7971: result: .libs
configure:8238: checking if gcc supports -fno-rtti -fno-exceptions
configure:8256: gcc -c -g -O2  -fno-rtti -fno-exceptions conftest.c >&5
cc1: warning: command line option "-fno-rtti" is valid for C++/ObjC++ but not for C
configure:8260: $? = 0
configure:8273: result: no
configure:8600: checking for gcc option to produce PIC
configure:8607: result: -fPIC -DPIC
configure:8615: checking if gcc PIC flag -fPIC -DPIC works
configure:8633: gcc -c -g -O2  -fPIC -DPIC -DPIC conftest.c >&5
configure:8637: $? = 0
configure:8650: result: yes
configure:8679: checking if gcc static flag -static works
configure:8707: result: yes
configure:8722: checking if gcc supports -c -o file.o
configure:8743: gcc -c -g -O2  -o out/conftest2.o conftest.c >&5
configure:8747: $? = 0
configure:8769: result: yes
configure:8777: checking if gcc supports -c -o file.o
configure:8824: result: yes
configure:8857: checking whether the gcc linker (/usr/bin/ld -m elf_x86_64) supports shared libraries
configure:10014: result: yes
configure:10051: checking whether -lc should be explicitly linked in
configure:10059: gcc -c -g -O2  conftest.c >&5
configure:10062: $? = 0
configure:10077: gcc -shared  -fPIC -DPIC conftest.o  -v -Wl,-soname -Wl,conftest -o conftest 2\>\&1 \| /bin/grep  -lc  \>/dev/null 2\>\&1
configure:10080: $? = 0
configure:10094: result: no
configure:10254: checking dynamic linker characteristics
configure:10765: gcc -o conftest -g -O2   -Wl,-rpath -Wl,/foo conftest.c  >&5
configure:10765: $? = 0
configure:10999: result: GNU/Linux ld.so
configure:11106: checking how to hardcode library paths into programs
configure:11131: result: immediate
configure:11671: checking whether stripping libraries is possible
configure:11676: result: yes
configure:11711: checking if libtool supports shared libraries
configure:11713: result: yes
configure:11716: checking whether to build shared libraries
configure:11737: result: yes
configure:11740: checking whether to build static libraries
configure:11744: result: no
configure:11767: checking how to run the C++ preprocessor
configure:11794: g++ -E  conftest.cpp
configure:11794: $? = 0
configure:11808: g++ -E  conftest.cpp
conftest.cpp:21: fatal error: ac_nonexistent.h: No such file or directory
compilation terminated.
configure:11808: $? = 1
configure: failed program was:
| /* confdefs.h */
| #define PACKAGE_NAME "libcld"
| #define PACKAGE_TARNAME "compact-language-detector"
| #define PACKAGE_VERSION "0.1"
| #define PACKAGE_STRING "libcld 0.1"
| #define PACKAGE_BUGREPORT "lucene@mikemccandless.com"
| #define PACKAGE_URL "http://code.google.com/p/chromium-compact-language-detector/"
| #define STDC_HEADERS 1
| #define HAVE_SYS_TYPES_H 1
| #define HAVE_SYS_STAT_H 1
| #define HAVE_STDLIB_H 1
| #define HAVE_STRING_H 1
| #define HAVE_MEMORY_H 1
| #define HAVE_STRINGS_H 1
| #define HAVE_INTTYPES_H 1
| #define HAVE_STDINT_H 1
| #define HAVE_UNISTD_H 1
| #define HAVE_DLFCN_H 1
| #define LT_OBJDIR ".libs/"
| /* end confdefs.h.  */
| #include <ac_nonexistent.h>
configure:11833: result: g++ -E
configure:11853: g++ -E  conftest.cpp
configure:11853: $? = 0
configure:11867: g++ -E  conftest.cpp
conftest.cpp:21: fatal error: ac_nonexistent.h: No such file or directory
compilation terminated.
configure:11867: $? = 1
configure: failed program was:
| /* confdefs.h */
| #define PACKAGE_NAME "libcld"
| #define PACKAGE_TARNAME "compact-language-detector"
| #define PACKAGE_VERSION "0.1"
| #define PACKAGE_STRING "libcld 0.1"
| #define PACKAGE_BUGREPORT "lucene@mikemccandless.com"
| #define PACKAGE_URL "http://code.google.com/p/chromium-compact-language-detector/"
| #define STDC_HEADERS 1
| #define HAVE_SYS_TYPES_H 1
| #define HAVE_SYS_STAT_H 1
| #define HAVE_STDLIB_H 1
| #define HAVE_STRING_H 1
| #define HAVE_MEMORY_H 1
| #define HAVE_STRINGS_H 1
| #define HAVE_INTTYPES_H 1
| #define HAVE_STDINT_H 1
| #define HAVE_UNISTD_H 1
| #define HAVE_DLFCN_H 1
| #define LT_OBJDIR ".libs/"
| /* end confdefs.h.  */
| #include <ac_nonexistent.h>
configure:12036: checking for ld used by g++
configure:12103: result: /usr/bin/ld -m elf_x86_64
configure:12110: checking if the linker (/usr/bin/ld -m elf_x86_64) is GNU ld
configure:12125: result: yes
configure:12180: checking whether the g++ linker (/usr/bin/ld -m elf_x86_64) supports shared libraries
configure:13185: result: yes
configure:13221: g++ -c -g -O2  conftest.cpp >&5
configure:13224: $? = 0
configure:13744: checking for g++ option to produce PIC
configure:13751: result: -fPIC -DPIC
configure:13759: checking if g++ PIC flag -fPIC -DPIC works
configure:13777: g++ -c -g -O2  -fPIC -DPIC -DPIC conftest.cpp >&5
configure:13781: $? = 0
configure:13794: result: yes
configure:13817: checking if g++ static flag -static works
configure:13845: result: yes
configure:13857: checking if g++ supports -c -o file.o
configure:13878: g++ -c -g -O2  -o out/conftest2.o conftest.cpp >&5
configure:13882: $? = 0
configure:13904: result: yes
configure:13909: checking if g++ supports -c -o file.o
configure:13956: result: yes
configure:13986: checking whether the g++ linker (/usr/bin/ld -m elf_x86_64) supports shared libraries
configure:14025: result: yes
configure:14166: checking dynamic linker characteristics
configure:14845: result: GNU/Linux ld.so
configure:14898: checking how to hardcode library paths into programs
configure:14923: result: immediate
configure:15164: creating ./config.status

## ---------------------- ##
## Running config.status. ##
## ---------------------- ##

This file was extended by libcld config.status 0.1, which was
generated by GNU Autoconf 2.68.  Invocation command line was

  CONFIG_FILES    = 
  CONFIG_HEADERS  = 
  CONFIG_LINKS    = 
  CONFIG_COMMANDS = 
  $ ./config.status 

on nos-db-s0-d

config.status:1079: creating Makefile
config.status:1079: creating src/Makefile
config.status:1079: creating cld.pc
config.status:1251: executing depfiles commands
config.status:1251: executing libtool commands

## ---------------- ##
## Cache variables. ##
## ---------------- ##

ac_cv_build=x86_64-unknown-linux-gnu
ac_cv_c_compiler_gnu=yes
ac_cv_cxx_compiler_gnu=yes
ac_cv_env_CCC_set=
ac_cv_env_CCC_value=
ac_cv_env_CC_set=
ac_cv_env_CC_value=
ac_cv_env_CFLAGS_set=
ac_cv_env_CFLAGS_value=
ac_cv_env_CPPFLAGS_set=
ac_cv_env_CPPFLAGS_value=
ac_cv_env_CPP_set=
ac_cv_env_CPP_value=
ac_cv_env_CXXCPP_set=
ac_cv_env_CXXCPP_value=
ac_cv_env_CXXFLAGS_set=
ac_cv_env_CXXFLAGS_value=
ac_cv_env_CXX_set=
ac_cv_env_CXX_value=
ac_cv_env_LDFLAGS_set=
ac_cv_env_LDFLAGS_value=
ac_cv_env_LIBS_set=
ac_cv_env_LIBS_value=
ac_cv_env_build_alias_set=
ac_cv_env_build_alias_value=
ac_cv_env_host_alias_set=
ac_cv_env_host_alias_value=
ac_cv_env_target_alias_set=
ac_cv_env_target_alias_value=
ac_cv_header_dlfcn_h=yes
ac_cv_header_inttypes_h=yes
ac_cv_header_memory_h=yes
ac_cv_header_stdc=yes
ac_cv_header_stdint_h=yes
ac_cv_header_stdlib_h=yes
ac_cv_header_string_h=yes
ac_cv_header_strings_h=yes
ac_cv_header_sys_stat_h=yes
ac_cv_header_sys_types_h=yes
ac_cv_header_unistd_h=yes
ac_cv_host=x86_64-unknown-linux-gnu
ac_cv_objext=o
ac_cv_path_EGREP='/bin/grep -E'
ac_cv_path_FGREP='/bin/grep -F'
ac_cv_path_GREP=/bin/grep
ac_cv_path_SED=/bin/sed
ac_cv_path_install='/usr/bin/install -c'
ac_cv_path_mkdir=/bin/mkdir
ac_cv_prog_AWK=mawk
ac_cv_prog_CPP='gcc -E'
ac_cv_prog_CXXCPP='g++ -E'
ac_cv_prog_ac_ct_AR=ar
ac_cv_prog_ac_ct_CC=gcc
ac_cv_prog_ac_ct_CXX=g++
ac_cv_prog_ac_ct_MANIFEST_TOOL=mt
ac_cv_prog_ac_ct_OBJDUMP=objdump
ac_cv_prog_ac_ct_RANLIB=ranlib
ac_cv_prog_ac_ct_STRIP=strip
ac_cv_prog_cc_c89=
ac_cv_prog_cc_g=yes
ac_cv_prog_cxx_g=yes
ac_cv_prog_make_make_set=yes
am_cv_CC_dependencies_compiler_type=gcc3
am_cv_CXX_dependencies_compiler_type=gcc3
am_cv_prog_tar_ustar=gnutar
lt_cv_ar_at_file=@
lt_cv_archive_cmds_need_lc=no
lt_cv_deplibs_check_method=pass_all
lt_cv_file_magic_cmd='$MAGIC_CMD'
lt_cv_file_magic_test_file=
lt_cv_ld_reload_flag=-r
lt_cv_nm_interface='BSD nm'
lt_cv_objdir=.libs
lt_cv_path_LD=/usr/bin/ld
lt_cv_path_LDCXX='/usr/bin/ld -m elf_x86_64'
lt_cv_path_NM='/usr/bin/nm -B'
lt_cv_path_mainfest_tool=no
lt_cv_prog_compiler_c_o=yes
lt_cv_prog_compiler_c_o_CXX=yes
lt_cv_prog_compiler_pic='-fPIC -DPIC'
lt_cv_prog_compiler_pic_CXX='-fPIC -DPIC'
lt_cv_prog_compiler_pic_works=yes
lt_cv_prog_compiler_pic_works_CXX=yes
lt_cv_prog_compiler_rtti_exceptions=no
lt_cv_prog_compiler_static_works=yes
lt_cv_prog_compiler_static_works_CXX=yes
lt_cv_prog_gnu_ld=yes
lt_cv_prog_gnu_ldcxx=yes
lt_cv_sharedlib_from_linklib_cmd='printf %s\n'
lt_cv_shlibpath_overrides_runpath=no
lt_cv_sys_global_symbol_pipe='sed -n -e '\''s/^.*[	 ]\([ABCDGIRSTW][ABCDGIRSTW]*\)[	 ][	 ]*\([_A-Za-z][_A-Za-z0-9]*\)$/\1 \2 \2/p'\'' | sed '\''/ __gnu_lto/d'\'''
lt_cv_sys_global_symbol_to_c_name_address='sed -n -e '\''s/^: \([^ ]*\)[ ]*$/  {\"\1\", (void *) 0},/p'\'' -e '\''s/^[ABCDGIRSTW]* \([^ ]*\) \([^ ]*\)$/  {"\2", (void *) \&\2},/p'\'''
lt_cv_sys_global_symbol_to_c_name_address_lib_prefix='sed -n -e '\''s/^: \([^ ]*\)[ ]*$/  {\"\1\", (void *) 0},/p'\'' -e '\''s/^[ABCDGIRSTW]* \([^ ]*\) \(lib[^ ]*\)$/  {"\2", (void *) \&\2},/p'\'' -e '\''s/^[ABCDGIRSTW]* \([^ ]*\) \([^ ]*\)$/  {"lib\2", (void *) \&\2},/p'\'''
lt_cv_sys_global_symbol_to_cdecl='sed -n -e '\''s/^T .* \(.*\)$/extern int \1();/p'\'' -e '\''s/^[ABCDGIRSTW]* .* \(.*\)$/extern char \1;/p'\'''
lt_cv_sys_max_cmd_len=1572864
lt_cv_to_host_file_cmd=func_convert_file_noop
lt_cv_to_tool_file_cmd=func_convert_file_noop

## ----------------- ##
## Output variables. ##
## ----------------- ##

ACLOCAL='${SHELL} /home/nos/bigdata_do_not_delete/BigData/lib/compact-language-detector/missing --run aclocal-1.11'
AMDEPBACKSLASH='\'
AMDEP_FALSE='#'
AMDEP_TRUE=''
AMTAR='$${TAR-tar}'
AR='ar'
AUTOCONF='${SHELL} /home/nos/bigdata_do_not_delete/BigData/lib/compact-language-detector/missing --run autoconf'
AUTOHEADER='${SHELL} /home/nos/bigdata_do_not_delete/BigData/lib/compact-language-detector/missing --run autoheader'
AUTOMAKE='${SHELL} /home/nos/bigdata_do_not_delete/BigData/lib/compact-language-detector/missing --run automake-1.11'
AWK='mawk'
CC='gcc'
CCDEPMODE='depmode=gcc3'
CFLAGS='-g -O2'
CLD_API_VERSION='0.1'
CLD_LT_VERSION='0:0:0'
CPP='gcc -E'
CPPFLAGS=''
CXX='g++'
CXXCPP='g++ -E'
CXXDEPMODE='depmode=gcc3'
CXXFLAGS='-g -O2'
CYGPATH_W='echo'
DEFS='-DPACKAGE_NAME=\"libcld\" -DPACKAGE_TARNAME=\"compact-language-detector\" -DPACKAGE_VERSION=\"0.1\" -DPACKAGE_STRING=\"libcld\ 0.1\" -DPACKAGE_BUGREPORT=\"lucene@mikemccandless.com\" -DPACKAGE_URL=\"http://code.google.com/p/chromium-compact-language-detector/\" -DSTDC_HEADERS=1 -DHAVE_SYS_TYPES_H=1 -DHAVE_SYS_STAT_H=1 -DHAVE_STDLIB_H=1 -DHAVE_STRING_H=1 -DHAVE_MEMORY_H=1 -DHAVE_STRINGS_H=1 -DHAVE_INTTYPES_H=1 -DHAVE_STDINT_H=1 -DHAVE_UNISTD_H=1 -DHAVE_DLFCN_H=1 -DLT_OBJDIR=\".libs/\"'
DEPDIR='.deps'
DLLTOOL='false'
DSYMUTIL=''
DUMPBIN=''
ECHO_C=''
ECHO_N='-n'
ECHO_T=''
EGREP='/bin/grep -E'
EXEEXT=''
FGREP='/bin/grep -F'
GREP='/bin/grep'
INSTALL_DATA='${INSTALL} -m 644'
INSTALL_PROGRAM='${INSTALL}'
INSTALL_SCRIPT='${INSTALL}'
INSTALL_STRIP_PROGRAM='$(install_sh) -c -s'
LD='/usr/bin/ld -m elf_x86_64'
LDFLAGS=''
LIBOBJS=''
LIBS=''
LIBTOOL='$(SHELL) $(top_builddir)/libtool'
LIPO=''
LN_S='ln -s'
LTLIBOBJS=''
MAKEINFO='${SHELL} /home/nos/bigdata_do_not_delete/BigData/lib/compact-language-detector/missing --run makeinfo'
MANIFEST_TOOL=':'
MKDIR_P='/bin/mkdir -p'
NM='/usr/bin/nm -B'
NMEDIT=''
OBJDUMP='objdump'
OBJEXT='o'
OTOOL64=''
OTOOL=''
PACKAGE='compact-language-detector'
PACKAGE_BUGREPORT='lucene@mikemccandless.com'
PACKAGE_NAME='libcld'
PACKAGE_STRING='libcld 0.1'
PACKAGE_TARNAME='compact-language-detector'
PACKAGE_URL='http://code.google.com/p/chromium-compact-language-detector/'
PACKAGE_VERSION='0.1'
PATH_SEPARATOR=':'
RANLIB='ranlib'
SED='/bin/sed'
SET_MAKE=''
SHELL='/bin/bash'
STRIP='strip'
VERSION='0.1'
ac_ct_AR='ar'
ac_ct_CC='gcc'
ac_ct_CXX='g++'
ac_ct_DUMPBIN=''
am__EXEEXT_FALSE=''
am__EXEEXT_TRUE='#'
am__fastdepCC_FALSE='#'
am__fastdepCC_TRUE=''
am__fastdepCXX_FALSE='#'
am__fastdepCXX_TRUE=''
am__include='include'
am__isrc=''
am__leading_dot='.'
am__nodep='_no'
am__quote=''
am__tar='tar --format=ustar -chf - "$$tardir"'
am__untar='tar -xf -'
bindir='${exec_prefix}/bin'
build='x86_64-unknown-linux-gnu'
build_alias=''
build_cpu='x86_64'
build_os='linux-gnu'
build_vendor='unknown'
datadir='${datarootdir}'
datarootdir='${prefix}/share'
docdir='${datarootdir}/doc/${PACKAGE_TARNAME}'
dvidir='${docdir}'
exec_prefix='${prefix}'
host='x86_64-unknown-linux-gnu'
host_alias=''
host_cpu='x86_64'
host_os='linux-gnu'
host_vendor='unknown'
htmldir='${docdir}'
includedir='${prefix}/include'
infodir='${datarootdir}/info'
install_sh='${SHELL} /home/nos/bigdata_do_not_delete/BigData/lib/compact-language-detector/install-sh'
libdir='${exec_prefix}/lib'
libexecdir='${exec_prefix}/libexec'
localedir='${datarootdir}/locale'
localstatedir='${prefix}/var'
mandir='${datarootdir}/man'
mkdir_p='/bin/mkdir -p'
oldincludedir='/usr/include'
pdfdir='${docdir}'
prefix='/usr/local'
program_transform_name='s,x,x,'
psdir='${docdir}'
sbindir='${exec_prefix}/sbin'
sharedstatedir='${prefix}/com'
sysconfdir='${prefix}/etc'
target_alias=''

## ----------- ##
## confdefs.h. ##
## ----------- ##

/* confdefs.h */
#define PACKAGE_NAME "libcld"
#define PACKAGE_TARNAME "compact-language-detector"
#define PACKAGE_VERSION "0.1"
#define PACKAGE_STRING "libcld 0.1"
#define PACKAGE_BUGREPORT "lucene@mikemccandless.com"
#define PACKAGE_URL "http://code.google.com/p/chromium-compact-language-detector/"
#define STDC_HEADERS 1
#define HAVE_SYS_TYPES_H 1
#define HAVE_SYS_STAT_H 1
#define HAVE_STDLIB_H 1
#define HAVE_STRING_H 1
#define HAVE_MEMORY_H 1
#define HAVE_STRINGS_H 1
#define HAVE_INTTYPES_H 1
#define HAVE_STDINT_H 1
#define HAVE_UNISTD_H 1
#define HAVE_DLFCN_H 1
#define LT_OBJDIR ".libs/"

configure: exit 0
